<?xml version="1.0" encoding="UTF-8"?>
<!-- Generated by org.testng.reporters.JUnitXMLReporter -->
<testsuite hostname="ZenBook" ignored="0" name="Default test" tests="9" failures="0" timestamp="14 окт 2017 19:42:11 GMT" time="0.084" errors="0">
  <testcase name="createTriangleTest" time="0.009" classname="test.by.epam.homework.creator.TriangleCreatorTest"/>
  <testcase name="createTriangleTest" time="0.001" classname="test.by.epam.homework.creator.TriangleCreatorTest"/>
  <testcase name="createTriangleTest" time="0.005" classname="test.by.epam.homework.creator.TriangleCreatorTest"/>
  <testcase name="createTriangleWithInvalidDataExceptionTest" time="0.011" classname="test.by.epam.homework.creator.TriangleCreatorTest"/>
  <testcase name="createTriangleWithInvalidDataExceptionTest" time="0.01" classname="test.by.epam.homework.creator.TriangleCreatorTest"/>
  <testcase name="createTriangleWithInvalidDataExceptionTest" time="0.002" classname="test.by.epam.homework.creator.TriangleCreatorTest"/>
  <testcase name="createTriangleWithNullDataExceptionTest" time="0.001" classname="test.by.epam.homework.creator.TriangleCreatorTest"/>
  <testcase name="createTriangleWithNullDataExceptionTest" time="0.001" classname="test.by.epam.homework.creator.TriangleCreatorTest"/>
  <testcase name="createTriangleWithNullDataExceptionTest" time="0.002" classname="test.by.epam.homework.creator.TriangleCreatorTest"/>
</testsuite> <!-- Default test -->
